0 info it worked if it ends with ok
1 verbose cli [ '/usr/bin/node', '/usr/bin/npm', 'i', 'index.html', 'xterm.js' ]
2 info using npm@3.5.2
3 info using node@v8.10.0
4 silly loadCurrentTree Starting
5 silly install loadCurrentTree
6 silly install readLocalPackageData
7 silly fetchPackageMetaData index.html
8 silly fetchPackageMetaData xterm.js
9 silly fetchOtherPackageData index.html
10 silly cache add args [ 'index.html', null ]
11 verbose cache add spec index.html
12 silly fetchNamedPackageData xterm.js
13 silly mapToRegistry name xterm.js
14 silly mapToRegistry using default registry
15 silly mapToRegistry registry https://registry.npmjs.org/
16 silly mapToRegistry uri https://registry.npmjs.org/xterm.js
17 silly cache add parsed spec Result {
17 silly cache add   raw: 'index.html',
17 silly cache add   scope: null,
17 silly cache add   name: null,
17 silly cache add   rawSpec: 'index.html',
17 silly cache add   spec: '/home/youssef/projects/kraken/webapp/index.html',
17 silly cache add   type: 'local' }
18 verbose request uri https://registry.npmjs.org/xterm.js
19 verbose request no auth needed
20 info attempt registry request try #1 at 9:35:09 PM
21 verbose request id 0c98b0da2fa04d1a
22 http request GET https://registry.npmjs.org/xterm.js
23 silly addLocalTarball shasum (computed) bff4d752911ec63a7217098e5da96b31ef442008
24 verbose addTmpTarball /home/youssef/projects/kraken/webapp/index.html not in flight; adding
25 verbose addTmpTarball validating metadata from /home/youssef/projects/kraken/webapp/index.html
26 verbose tar unpack /home/youssef/projects/kraken/webapp/index.html
27 verbose tar unpacking to /tmp/npm-8920-853bf09f/unpack-f7ab399f
28 silly gentlyRm /tmp/npm-8920-853bf09f/unpack-f7ab399f is being purged
29 verbose gentlyRm don't care about contents; nuking /tmp/npm-8920-853bf09f/unpack-f7ab399f
30 silly gunzTarPerm modes [ '755', '644' ]
31 error not a package /home/youssef/projects/kraken/webapp/index.html
32 error addLocal Could not install /home/youssef/projects/kraken/webapp/index.html
33 silly fetchPackageMetaData Error: ENOENT: no such file or directory, open '/tmp/npm-8920-853bf09f/unpack-f7ab399f/package.json'
33 silly fetchPackageMetaData  error for index.html { Error: ENOENT: no such file or directory, open '/tmp/npm-8920-853bf09f/unpack-f7ab399f/package.json'
33 silly fetchPackageMetaData   errno: -2,
33 silly fetchPackageMetaData   code: 'ENOENT',
33 silly fetchPackageMetaData   syscall: 'open',
33 silly fetchPackageMetaData   path: '/tmp/npm-8920-853bf09f/unpack-f7ab399f/package.json' }
34 http 404 https://registry.npmjs.org/xterm.js
35 verbose headers { date: 'Wed, 01 May 2019 19:35:10 GMT',
35 verbose headers   'content-type': 'application/json',
35 verbose headers   'content-length': '21',
35 verbose headers   connection: 'keep-alive',
35 verbose headers   'set-cookie':
35 verbose headers    [ '__cfduid=d1603859661a3c52eb17846b84d3f001a1556739309; expires=Thu, 30-Apr-20 19:35:09 GMT; path=/; domain=.registry.npmjs.org; HttpOnly' ],
35 verbose headers   'cf-cache-status': 'MISS',
35 verbose headers   'cache-control': 'max-age=300',
35 verbose headers   'cf-ray': '4d04326c7e0e4165-CAI',
35 verbose headers   'expect-ct': 'max-age=604800, report-uri="https://report-uri.cloudflare.com/cdn-cgi/beacon/expect-ct"',
35 verbose headers   vary: 'accept-encoding, accept',
35 verbose headers   server: 'cloudflare' }
36 silly get cb [ 404,
36 silly get   { date: 'Wed, 01 May 2019 19:35:10 GMT',
36 silly get     'content-type': 'application/json',
36 silly get     'content-length': '21',
36 silly get     connection: 'keep-alive',
36 silly get     'set-cookie':
36 silly get      [ '__cfduid=d1603859661a3c52eb17846b84d3f001a1556739309; expires=Thu, 30-Apr-20 19:35:09 GMT; path=/; domain=.registry.npmjs.org; HttpOnly' ],
36 silly get     'cf-cache-status': 'MISS',
36 silly get     'cache-control': 'max-age=300',
36 silly get     'cf-ray': '4d04326c7e0e4165-CAI',
36 silly get     'expect-ct': 'max-age=604800, report-uri="https://report-uri.cloudflare.com/cdn-cgi/beacon/expect-ct"',
36 silly get     vary: 'accept-encoding, accept',
36 silly get     server: 'cloudflare' } ]
37 silly fetchPackageMetaData Error: Not found : xterm.js
37 silly fetchPackageMetaData     at makeError (/usr/share/npm/node_modules/npm-registry-client/lib/request.js:264:12)
37 silly fetchPackageMetaData     at CachingRegistryClient.<anonymous> (/usr/share/npm/node_modules/npm-registry-client/lib/request.js:252:14)
37 silly fetchPackageMetaData     at Request._callback (/usr/share/npm/node_modules/npm-registry-client/lib/request.js:172:14)
37 silly fetchPackageMetaData     at Request.self.callback (/usr/share/npm/node_modules/request/request.js:198:22)
37 silly fetchPackageMetaData     at emitTwo (events.js:126:13)
37 silly fetchPackageMetaData     at Request.emit (events.js:214:7)
37 silly fetchPackageMetaData     at Request.<anonymous> (/usr/share/npm/node_modules/request/request.js:1082:10)
37 silly fetchPackageMetaData     at emitOne (events.js:121:20)
37 silly fetchPackageMetaData     at Request.emit (events.js:211:7)
37 silly fetchPackageMetaData     at IncomingMessage.<anonymous> (/usr/share/npm/node_modules/request/request.js:1009:12)
37 silly fetchPackageMetaData  error for xterm.js { Error: Not found : xterm.js
37 silly fetchPackageMetaData     at makeError (/usr/share/npm/node_modules/npm-registry-client/lib/request.js:264:12)
37 silly fetchPackageMetaData     at CachingRegistryClient.<anonymous> (/usr/share/npm/node_modules/npm-registry-client/lib/request.js:252:14)
37 silly fetchPackageMetaData     at Request._callback (/usr/share/npm/node_modules/npm-registry-client/lib/request.js:172:14)
37 silly fetchPackageMetaData     at Request.self.callback (/usr/share/npm/node_modules/request/request.js:198:22)
37 silly fetchPackageMetaData     at emitTwo (events.js:126:13)
37 silly fetchPackageMetaData     at Request.emit (events.js:214:7)
37 silly fetchPackageMetaData     at Request.<anonymous> (/usr/share/npm/node_modules/request/request.js:1082:10)
37 silly fetchPackageMetaData     at emitOne (events.js:121:20)
37 silly fetchPackageMetaData     at Request.emit (events.js:211:7)
37 silly fetchPackageMetaData     at IncomingMessage.<anonymous> (/usr/share/npm/node_modules/request/request.js:1009:12) pkgid: 'xterm.js', statusCode: 404, code: 'E404' }
38 silly rollbackFailedOptional Starting
39 silly rollbackFailedOptional Finishing
40 silly runTopLevelLifecycles Starting
41 silly runTopLevelLifecycles Finishing
42 silly install printInstalled
43 verbose stack Error: ENOENT: no such file or directory, open '/tmp/npm-8920-853bf09f/unpack-f7ab399f/package.json'
44 verbose cwd /home/youssef/projects/kraken/webapp
45 error Linux 4.15.0-47-generic
46 error argv "/usr/bin/node" "/usr/bin/npm" "i" "index.html" "xterm.js"
47 error node v8.10.0
48 error npm  v3.5.2
49 error path /tmp/npm-8920-853bf09f/unpack-f7ab399f/package.json
50 error code ENOENT
51 error errno -2
52 error syscall open
53 error enoent ENOENT: no such file or directory, open '/tmp/npm-8920-853bf09f/unpack-f7ab399f/package.json'
54 error enoent ENOENT: no such file or directory, open '/tmp/npm-8920-853bf09f/unpack-f7ab399f/package.json'
54 error enoent This is most likely not a problem with npm itself
54 error enoent and is related to npm not being able to find a file.
55 verbose exit [ -2, true ]
